[debug] [2026-02-25T04:46:34.364Z] ----------------------------------------------------------------------
[debug] [2026-02-25T04:46:34.367Z] Command:       /Users/ryan/.nvm/versions/node/v24.13.0/bin/node /Users/ryan/.nvm/versions/node/v24.13.0/bin/firebase init
[debug] [2026-02-25T04:46:34.367Z] CLI Version:   15.7.0
[debug] [2026-02-25T04:46:34.367Z] Platform:      darwin
[debug] [2026-02-25T04:46:34.367Z] Node Version:  v24.13.0
[debug] [2026-02-25T04:46:34.367Z] Time:          Wed Feb 25 2026 13:46:34 GMT+0900 (대한민국 표준시)
[debug] [2026-02-25T04:46:34.367Z] ----------------------------------------------------------------------
[debug] 
[info] 
     ######## #### ########  ######## ########     ###     ######  ########
     ##        ##  ##     ## ##       ##     ##  ##   ##  ##       ##
     ######    ##  ########  ######   ########  #########  ######  ######
     ##        ##  ##    ##  ##       ##     ## ##     ##       ## ##
     ##       #### ##     ## ######## ########  ##     ##  ######  ########

You're about to initialize a Firebase project in this directory:

  /Users/ryan/study

[debug] [2026-02-25T04:46:52.497Z] ExitPromptError: User force closed the prompt with SIGINT
    at Interface.sigint (/Users/ryan/.nvm/versions/node/v24.13.0/lib/node_modules/firebase-tools/node_modules/@inquirer/core/dist/commonjs/lib/create-prompt.js:101:37)
    at Interface.emit (node:events:508:28)
    at [_ttyWrite] [as _ttyWrite] (node:internal/readline/interface:1327:18)
    at ReadStream.onkeypress (node:internal/readline/interface:284:20)
    at ReadStream.emit (node:events:520:35)
    at emitKeys (node:internal/readline/utils:371:14)
    at emitKeys.next (<anonymous>)
    at ReadStream.onData (node:internal/readline/emitKeypressEvents:64:36)
    at ReadStream.emit (node:events:508:28)
    at addChunk (node:internal/streams/readable:559:12)
[error] 
[error] Error: An unexpected error has occurred.
[debug] [2026-02-25T04:47:19.648Z] ----------------------------------------------------------------------
[debug] [2026-02-25T04:47:19.650Z] Command:       /Users/ryan/.nvm/versions/node/v24.13.0/bin/node /Users/ryan/.nvm/versions/node/v24.13.0/bin/firebase init
[debug] [2026-02-25T04:47:19.650Z] CLI Version:   15.7.0
[debug] [2026-02-25T04:47:19.650Z] Platform:      darwin
[debug] [2026-02-25T04:47:19.650Z] Node Version:  v24.13.0
[debug] [2026-02-25T04:47:19.650Z] Time:          Wed Feb 25 2026 13:47:19 GMT+0900 (대한민국 표준시)
[debug] [2026-02-25T04:47:19.650Z] ----------------------------------------------------------------------
[debug] 
[info] 
     ######## #### ########  ######## ########     ###     ######  ########
     ##        ##  ##     ## ##       ##     ##  ##   ##  ##       ##
     ######    ##  ########  ######   ########  #########  ######  ######
     ##        ##  ##    ##  ##       ##     ## ##     ##       ## ##
     ##       #### ##     ## ######## ########  ##     ##  ######  ########

You're about to initialize a Firebase project in this directory:

  /Users/ryan/study

[debug] [2026-02-25T04:47:40.743Z] ExitPromptError: User force closed the prompt with SIGINT
    at Interface.sigint (/Users/ryan/.nvm/versions/node/v24.13.0/lib/node_modules/firebase-tools/node_modules/@inquirer/core/dist/commonjs/lib/create-prompt.js:101:37)
    at Interface.emit (node:events:508:28)
    at [_ttyWrite] [as _ttyWrite] (node:internal/readline/interface:1327:18)
    at ReadStream.onkeypress (node:internal/readline/interface:284:20)
    at ReadStream.emit (node:events:520:35)
    at emitKeys (node:internal/readline/utils:371:14)
    at emitKeys.next (<anonymous>)
    at ReadStream.onData (node:internal/readline/emitKeypressEvents:64:36)
    at ReadStream.emit (node:events:508:28)
    at addChunk (node:internal/streams/readable:559:12)
[error] 
[error] Error: An unexpected error has occurred.
